C51 COMPILER V9.56.0.0   COUNTER                                                           11/05/2023 17:27:01 PAGE 1   


C51 COMPILER V9.56.0.0, COMPILATION OF MODULE COUNTER
OBJECT MODULE PLACED IN .\Objects\counter.obj
COMPILER INVOKED BY: C:\Keil_v5\C51\BIN\C51.EXE counter.c OPTIMIZE(8,SPEED) BROWSE DEBUG OBJECTEXTEND PRINT(.\Listings\c
                    -ounter.lst) TABS(2) OBJECT(.\Objects\counter.obj)

line level    source

   1          #include<reg51.h>
   2          int arr[]={0xc0,0xf9,0xa4,0xb0,0x99,0x92,0x82,0xf8,0x80,0x90};
   3          
   4          void main()
   5          {
   6   1        TMOD=0X05;
   7   1        TH0=0X00;
   8   1        TL0=0X00;
   9   1        TR0=1;
  10   1      while(1)
  11   1      {
  12   2        P2=arr[TL0];
  13   2      }
  14   1      }


MODULE INFORMATION:   STATIC OVERLAYABLE
   CODE SIZE        =     24    ----
   CONSTANT SIZE    =   ----    ----
   XDATA SIZE       =   ----    ----
   PDATA SIZE       =   ----    ----
   DATA SIZE        =     20    ----
   IDATA SIZE       =   ----    ----
   BIT SIZE         =   ----    ----
END OF MODULE INFORMATION.


C51 COMPILATION COMPLETE.  0 WARNING(S),  0 ERROR(S)
