C51 COMPILER V9.56.0.0   TIMER                                                             11/05/2023 14:55:56 PAGE 1   


C51 COMPILER V9.56.0.0, COMPILATION OF MODULE TIMER
OBJECT MODULE PLACED IN .\Objects\timer.obj
COMPILER INVOKED BY: C:\Keil_v5\C51\BIN\C51.EXE timer.c OPTIMIZE(8,SPEED) BROWSE DEBUG OBJECTEXTEND PRINT(.\Listings\tim
                    -er.lst) TABS(2) OBJECT(.\Objects\timer.obj)

line level    source

   1          #include<reg51.h>
   2          
   3          
   4          
   5          void delay();
   6          void main()
   7          {
   8   1        while(1)
   9   1        {
  10   2        P2=0x00;
  11   2        delay();
  12   2        P2=0x01;
  13   2        delay();
  14   2        }
  15   1      }
  16          void delay()
  17          {
  18   1        TMOD=0x01;
  19   1        TH0=0xDC;
  20   1        TL0=0x00;
  21   1        TR0=1;
  22   1        while(TF0==0);
  23   1        TF0=0;
  24   1        TR0=0;
  25   1      
  26   1      }


MODULE INFORMATION:   STATIC OVERLAYABLE
   CODE SIZE        =     33    ----
   CONSTANT SIZE    =   ----    ----
   XDATA SIZE       =   ----    ----
   PDATA SIZE       =   ----    ----
   DATA SIZE        =   ----    ----
   IDATA SIZE       =   ----    ----
   BIT SIZE         =   ----    ----
END OF MODULE INFORMATION.


C51 COMPILATION COMPLETE.  0 WARNING(S),  0 ERROR(S)
