C51 COMPILER V9.56.0.0   UART                                                              04/11/2024 11:56:20 PAGE 1   


C51 COMPILER V9.56.0.0, COMPILATION OF MODULE UART
OBJECT MODULE PLACED IN .\Objects\uart.obj
COMPILER INVOKED BY: C:\Keil_v5\C51\BIN\C51.EXE uart.c OPTIMIZE(8,SPEED) BROWSE DEBUG OBJECTEXTEND PRINT(.\Listings\uart
                    -.lst) TABS(2) OBJECT(.\Objects\uart.obj)

line level    source

   1          #include<reg51.h>
   2          
   3          void uart_init();
   4          void uart_tx(char ch);
   5          char uart_rx();
   6          
   7          void main()
   8          
   9          {
  10   1        uart_init();
  11   1        uart_tx('f');
  12   1        uart_tx('l');
  13   1        while(1)
  14   1        {
  15   2          uart_tx(uart_rx());
  16   2        }
  17   1      
  18   1      }
  19          void uart_init()
  20          {
  21   1        SCON=0x50;
  22   1        TMOD=0x20;
  23   1        TH1=0xfd;
  24   1        TR1=1;
  25   1      } 
  26          
  27          void uart_tx(char ch)
  28          {
  29   1        SBUF=ch;
  30   1        while(TI==0);
  31   1        TI=0;
  32   1      }
  33          
  34          char uart_rx()
  35          {
  36   1        while(RI==0);
  37   1        RI=0;
  38   1        return SBUF;
  39   1      }
  40          
  41          


MODULE INFORMATION:   STATIC OVERLAYABLE
   CODE SIZE        =     49    ----
   CONSTANT SIZE    =   ----    ----
   XDATA SIZE       =   ----    ----
   PDATA SIZE       =   ----    ----
   DATA SIZE        =   ----    ----
   IDATA SIZE       =   ----    ----
   BIT SIZE         =   ----    ----
END OF MODULE INFORMATION.


C51 COMPILATION COMPLETE.  0 WARNING(S),  0 ERROR(S)
