C51 COMPILER V9.56.0.0   EI                                                                04/11/2024 15:28:31 PAGE 1   


C51 COMPILER V9.56.0.0, COMPILATION OF MODULE EI
OBJECT MODULE PLACED IN .\Objects\EI.obj
COMPILER INVOKED BY: C:\Keil_v5\C51\BIN\C51.EXE EI.c OPTIMIZE(8,SPEED) BROWSE DEBUG OBJECTEXTEND PRINT(.\Listings\EI.lst
                    -) TABS(2) OBJECT(.\Objects\EI.obj)

line level    source

   1          #include<reg51.h>
   2          
   3          sbit led1=P2^0;
   4          void delay(int a);
   5          
   6          void main()
   7          {
   8   1        P2=0x00;
   9   1        TCON=0x01;
  10   1        IE=0x81;
  11   1        while(1)
  12   1        {
  13   2        }
  14   1      }
  15          
  16          void ISR_ex0() interrupt 0
  17          {
  18   1        led1=~led1;
  19   1        delay(10);
  20   1      }
  21          
  22          void delay(int a)
  23          {
  24   1        int i,j;
  25   1        for(i=0;i<a;i++)
  26   1        {
  27   2        }
  28   1      }
*** WARNING C280 IN LINE 24 OF EI.c: 'j': unreferenced local variable
  29          
  30          
  31          
  32          
  33          


MODULE INFORMATION:   STATIC OVERLAYABLE
   CODE SIZE        =    100    ----
   CONSTANT SIZE    =   ----    ----
   XDATA SIZE       =   ----    ----
   PDATA SIZE       =   ----    ----
   DATA SIZE        =   ----       2
   IDATA SIZE       =   ----    ----
   BIT SIZE         =   ----    ----
END OF MODULE INFORMATION.


C51 COMPILATION COMPLETE.  1 WARNING(S),  0 ERROR(S)
