C51 COMPILER V9.56.0.0   MOTOR                                                             10/10/2023 22:41:17 PAGE 1   


C51 COMPILER V9.56.0.0, COMPILATION OF MODULE MOTOR
OBJECT MODULE PLACED IN .\Objects\motor.obj
COMPILER INVOKED BY: C:\Keil_v5\C51\BIN\C51.EXE motor.c OPTIMIZE(8,SPEED) BROWSE DEBUG OBJECTEXTEND PRINT(.\Listings\mot
                    -or.lst) TABS(2) OBJECT(.\Objects\motor.obj)

line level    source

   1          #include<reg51.h>
   2          
   3          void delay(int a)
   4          {
   5   1      int i,j;
   6   1      for(i=0;i<a;i++)
   7   1        {
   8   2          for(j=0;j<1000;j++)
   9   2          {
  10   3          }
  11   2        }
  12   1      }
  13          
  14          void main()
  15          {
  16   1      while(1)
  17   1      {
  18   2      P2=0x05;
  19   2      delay(1000);
  20   2      P2=0x0A;
  21   2      delay(1000);
  22   2      }
  23   1      }


MODULE INFORMATION:   STATIC OVERLAYABLE
   CODE SIZE        =     56    ----
   CONSTANT SIZE    =   ----    ----
   XDATA SIZE       =   ----    ----
   PDATA SIZE       =   ----    ----
   DATA SIZE        =   ----    ----
   IDATA SIZE       =   ----    ----
   BIT SIZE         =   ----    ----
END OF MODULE INFORMATION.


C51 COMPILATION COMPLETE.  0 WARNING(S),  0 ERROR(S)
